d:\tea\fax\4.godina\1.semestar\ikp\ikp\ikp_projekat\process\x64\debug\vc142.pdb
d:\tea\fax\4.godina\1.semestar\ikp\ikp\ikp_projekat\process\x64\debug\vc142.idb
d:\tea\fax\4.godina\1.semestar\ikp\ikp\ikp_projekat\process\x64\debug\process.obj
d:\tea\fax\4.godina\1.semestar\ikp\ikp\ikp_projekat\process\x64\debug\main.obj
d:\tea\fax\4.godina\1.semestar\ikp\ikp\ikp_projekat\process\x64\debug\vc143.pdb
d:\tea\fax\4.godina\1.semestar\ikp\ikp\ikp_projekat\process\x64\debug\vc143.idb
d:\tea\fax\4.godina\1.semestar\ikp\ikp\ikp_projekat\x64\debug\process.exe
d:\tea\fax\4.godina\1.semestar\ikp\ikp\ikp_projekat\process\x64\debug\process.ilk
d:\tea\fax\4.godina\1.semestar\ikp\ikp\ikp_projekat\x64\debug\process.pdb
c:\users\nebojsa\desktop\ikp\ikp_projekat\process\x64\debug\main.obj
c:\users\nebojsa\desktop\ikp\ikp_projekat\process\x64\debug\process.obj
c:\users\nebojsa\desktop\ikp\ikp_projekat\process\x64\debug\vc142.idb
c:\users\nebojsa\desktop\ikp\ikp_projekat\process\x64\debug\vc142.pdb
c:\users\nebojsa\desktop\ikp\ikp_projekat\x64\debug\process.pdb
c:\users\nebojsa\desktop\ikp\ikp_projekat\x64\debug\process.exe
c:\users\nebojsa\desktop\ikp\ikp_projekat\x64\debug\process.ilk
c:\users\nebojsa\desktop\ikp\ikp_projekat\process\x64\debug\process.tlog\cl.command.1.tlog
c:\users\nebojsa\desktop\ikp\ikp_projekat\process\x64\debug\process.tlog\cl.read.1.tlog
c:\users\nebojsa\desktop\ikp\ikp_projekat\process\x64\debug\process.tlog\cl.write.1.tlog
c:\users\nebojsa\desktop\ikp\ikp_projekat\process\x64\debug\process.tlog\link.command.1.tlog
c:\users\nebojsa\desktop\ikp\ikp_projekat\process\x64\debug\process.tlog\link.read.1.tlog
c:\users\nebojsa\desktop\ikp\ikp_projekat\process\x64\debug\process.tlog\link.write.1.tlog
