d:\tea\fax\4.godina\1.semestar\ikp\ikp\ikp_projekat\replicator2\x64\debug\vc142.pdb
d:\tea\fax\4.godina\1.semestar\ikp\ikp\ikp_projekat\replicator2\x64\debug\vc142.idb
d:\tea\fax\4.godina\1.semestar\ikp\ikp\ikp_projekat\replicator2\x64\debug\ringbuffer.obj
d:\tea\fax\4.godina\1.semestar\ikp\ikp\ikp_projekat\replicator2\x64\debug\replicaarray.obj
d:\tea\fax\4.godina\1.semestar\ikp\ikp\ikp_projekat\replicator2\x64\debug\main.obj
d:\tea\fax\4.godina\1.semestar\ikp\ikp\ikp_projekat\replicator2\x64\debug\connectionwithreplica.obj
d:\tea\fax\4.godina\1.semestar\ikp\ikp\ikp_projekat\replicator2\x64\debug\conncetionwithreplicator1.obj
d:\tea\fax\4.godina\1.semestar\ikp\ikp\ikp_projekat\replicator2\x64\debug\vc143.pdb
d:\tea\fax\4.godina\1.semestar\ikp\ikp\ikp_projekat\replicator2\x64\debug\vc143.idb
d:\tea\fax\4.godina\1.semestar\ikp\ikp\ikp_projekat\x64\debug\replicator2.exe
d:\tea\fax\4.godina\1.semestar\ikp\ikp\ikp_projekat\replicator2\x64\debug\replicator2.ilk
d:\tea\fax\4.godina\1.semestar\ikp\ikp\ikp_projekat\x64\debug\replicator2.pdb
c:\users\nebojsa\desktop\ikp\ikp_projekat\replicator2\x64\debug\conncetionwithreplicator1.obj
c:\users\nebojsa\desktop\ikp\ikp_projekat\replicator2\x64\debug\connectionwithreplica.obj
c:\users\nebojsa\desktop\ikp\ikp_projekat\replicator2\x64\debug\main.obj
c:\users\nebojsa\desktop\ikp\ikp_projekat\replicator2\x64\debug\replicaarray.obj
c:\users\nebojsa\desktop\ikp\ikp_projekat\replicator2\x64\debug\ringbuffer.obj
c:\users\nebojsa\desktop\ikp\ikp_projekat\replicator2\x64\debug\vc142.idb
c:\users\nebojsa\desktop\ikp\ikp_projekat\replicator2\x64\debug\vc142.pdb
c:\users\nebojsa\desktop\ikp\ikp_projekat\x64\debug\replicator2.pdb
c:\users\nebojsa\desktop\ikp\ikp_projekat\x64\debug\replicator2.exe
c:\users\nebojsa\desktop\ikp\ikp_projekat\x64\debug\replicator2.ilk
c:\users\nebojsa\desktop\ikp\ikp_projekat\replicator2\x64\debug\replicator2.tlog\cl.command.1.tlog
c:\users\nebojsa\desktop\ikp\ikp_projekat\replicator2\x64\debug\replicator2.tlog\cl.read.1.tlog
c:\users\nebojsa\desktop\ikp\ikp_projekat\replicator2\x64\debug\replicator2.tlog\cl.write.1.tlog
c:\users\nebojsa\desktop\ikp\ikp_projekat\replicator2\x64\debug\replicator2.tlog\link.command.1.tlog
c:\users\nebojsa\desktop\ikp\ikp_projekat\replicator2\x64\debug\replicator2.tlog\link.read.1.tlog
c:\users\nebojsa\desktop\ikp\ikp_projekat\replicator2\x64\debug\replicator2.tlog\link.write.1.tlog
