d:\tea\fax\4.godina\1.semestar\ikp\ikp\ikp_projekat\replicator\x64\debug\vc142.pdb
d:\tea\fax\4.godina\1.semestar\ikp\ikp\ikp_projekat\replicator\x64\debug\vc142.idb
d:\tea\fax\4.godina\1.semestar\ikp\ikp\ikp_projekat\replicator\x64\debug\ringbuffer.obj
d:\tea\fax\4.godina\1.semestar\ikp\ikp\ikp_projekat\replicator\x64\debug\replicatorfunctions.obj
d:\tea\fax\4.godina\1.semestar\ikp\ikp\ikp_projekat\replicator\x64\debug\map.obj
d:\tea\fax\4.godina\1.semestar\ikp\ikp\ikp_projekat\replicator\x64\debug\main.obj
d:\tea\fax\4.godina\1.semestar\ikp\ikp\ikp_projekat\replicator\x64\debug\connectionwithservice.obj
d:\tea\fax\4.godina\1.semestar\ikp\ikp\ikp_projekat\replicator\x64\debug\conncetionwithreplicator2.obj
d:\tea\fax\4.godina\1.semestar\ikp\ikp\ikp_projekat\replicator\x64\debug\vc143.pdb
d:\tea\fax\4.godina\1.semestar\ikp\ikp\ikp_projekat\replicator\x64\debug\vc143.idb
d:\tea\fax\4.godina\1.semestar\ikp\ikp\ikp_projekat\x64\debug\replicator.exe
d:\tea\fax\4.godina\1.semestar\ikp\ikp\ikp_projekat\replicator\x64\debug\replicator.ilk
d:\tea\fax\4.godina\1.semestar\ikp\ikp\ikp_projekat\x64\debug\replicator.pdb
c:\users\nebojsa\desktop\ikp\ikp_projekat\replicator\x64\debug\conncetionwithreplicator2.obj
c:\users\nebojsa\desktop\ikp\ikp_projekat\replicator\x64\debug\connectionwithservice.obj
c:\users\nebojsa\desktop\ikp\ikp_projekat\replicator\x64\debug\main.obj
c:\users\nebojsa\desktop\ikp\ikp_projekat\replicator\x64\debug\map.obj
c:\users\nebojsa\desktop\ikp\ikp_projekat\replicator\x64\debug\replicatorfunctions.obj
c:\users\nebojsa\desktop\ikp\ikp_projekat\replicator\x64\debug\ringbuffer.obj
c:\users\nebojsa\desktop\ikp\ikp_projekat\replicator\x64\debug\vc142.idb
c:\users\nebojsa\desktop\ikp\ikp_projekat\replicator\x64\debug\vc142.pdb
c:\users\nebojsa\desktop\ikp\ikp_projekat\x64\debug\replicator.pdb
c:\users\nebojsa\desktop\ikp\ikp_projekat\x64\debug\replicator.exe
c:\users\nebojsa\desktop\ikp\ikp_projekat\x64\debug\replicator.ilk
c:\users\nebojsa\desktop\ikp\ikp_projekat\replicator\x64\debug\replicator.tlog\cl.command.1.tlog
c:\users\nebojsa\desktop\ikp\ikp_projekat\replicator\x64\debug\replicator.tlog\cl.read.1.tlog
c:\users\nebojsa\desktop\ikp\ikp_projekat\replicator\x64\debug\replicator.tlog\cl.write.1.tlog
c:\users\nebojsa\desktop\ikp\ikp_projekat\replicator\x64\debug\replicator.tlog\link.command.1.tlog
c:\users\nebojsa\desktop\ikp\ikp_projekat\replicator\x64\debug\replicator.tlog\link.read.1.tlog
c:\users\nebojsa\desktop\ikp\ikp_projekat\replicator\x64\debug\replicator.tlog\link.write.1.tlog
