C:\Program Files\Microsoft Visual Studio\2022\Community\MSBuild\Microsoft\VC\v170\Microsoft.CppBuild.targets(510,5): warning MSB8028: The intermediate directory (x64\Debug\) contains files shared from another project (Replicator.vcxproj).  This can lead to incorrect clean and rebuild behavior.
  ConncetionWithReplicator2.cpp
D:\tea\Fax\4.godina\1.semestar\ikp\IKP\IKP_Projekat\Replicator\ConncetionWithReplicator2.cpp(18,7): warning C4101: 'dataBuffer': unreferenced local variable
D:\tea\Fax\4.godina\1.semestar\ikp\IKP\IKP_Projekat\Replicator\ConncetionWithReplicator2.cpp(239,7): warning C4101: 'dataBuffer': unreferenced local variable
D:\tea\Fax\4.godina\1.semestar\ikp\IKP\IKP_Projekat\Replicator\ConncetionWithReplicator2.cpp(314,16): warning C4101: 'm': unreferenced local variable
D:\tea\Fax\4.godina\1.semestar\ikp\IKP\IKP_Projekat\Replicator\ConncetionWithReplicator2.cpp(313,6): warning C4101: 'iResult': unreferenced local variable
D:\tea\Fax\4.godina\1.semestar\ikp\IKP\IKP_Projekat\Replicator\ConncetionWithReplicator2.cpp(322,8): warning C4101: 'message': unreferenced local variable
  ConnectionWithProcess.cpp
D:\tea\Fax\4.godina\1.semestar\ikp\IKP\IKP_Projekat\Replicator\ConnectionWithProcess.cpp(30,7): warning C4101: 'dataBuffer': unreferenced local variable
  main.cpp
D:\tea\Fax\4.godina\1.semestar\ikp\IKP\IKP_Projekat\Replicator\main.cpp(34,9): warning C4101: 'hListenForRegistrations': unreferenced local variable
D:\tea\Fax\4.godina\1.semestar\ikp\IKP\IKP_Projekat\Replicator\main.cpp(33,8): warning C4101: 'ListenForRegistrationsID': unreferenced local variable
  RingBuffer.cpp
D:\tea\Fax\4.godina\1.semestar\ikp\IKP\IKP_Projekat\Replicator\RingBuffer.cpp(57,37): warning C4018: '<': signed/unsigned mismatch
D:\tea\Fax\4.godina\1.semestar\ikp\IKP\IKP_Projekat\Replicator\RingBuffer.cpp(106,40): warning C4018: '<': signed/unsigned mismatch
D:\tea\Fax\4.godina\1.semestar\ikp\IKP\IKP_Projekat\Replicator\RingBuffer.cpp(110,11): warning C4477: 'printf' : format string '%s' requires an argument of type 'char *', but variadic argument 1 has type 'int'
D:\tea\Fax\4.godina\1.semestar\ikp\IKP\IKP_Projekat\Replicator\RingBuffer.cpp(110,11): warning C4313: 'printf': '%s' in format string conflicts with argument 1 of type 'int'
  Generating Code...
D:\tea\Fax\4.godina\1.semestar\ikp\IKP\IKP_Projekat\Replicator\ConnectionWithProcess.cpp(343): warning C4715: 'ListenForRegistrationsThread': not all control paths return a value
  Replicator.vcxproj -> D:\tea\Fax\4.godina\1.semestar\ikp\IKP\IKP_Projekat\x64\Debug\Replicator1.exe
