d:\tea\fax\4.godina\1.semestar\ikp\ikp\ikp_projekat\replica\x64\debug\vc143.pdb
d:\tea\fax\4.godina\1.semestar\ikp\ikp\ikp_projekat\replica\x64\debug\vc143.idb
d:\tea\fax\4.godina\1.semestar\ikp\ikp\ikp_projekat\replica\x64\debug\main.obj
d:\tea\fax\4.godina\1.semestar\ikp\ikp\ikp_projekat\replica\x64\debug\list.obj
d:\tea\fax\4.godina\1.semestar\ikp\ikp\ikp_projekat\x64\debug\replica.exe
d:\tea\fax\4.godina\1.semestar\ikp\ikp\ikp_projekat\replica\x64\debug\replica.ilk
d:\tea\fax\4.godina\1.semestar\ikp\ikp\ikp_projekat\x64\debug\replica.pdb
c:\users\nebojsa\desktop\ikp\ikp_projekat\replica\x64\debug\list.obj
c:\users\nebojsa\desktop\ikp\ikp_projekat\replica\x64\debug\main.obj
c:\users\nebojsa\desktop\ikp\ikp_projekat\replica\x64\debug\vc142.idb
c:\users\nebojsa\desktop\ikp\ikp_projekat\replica\x64\debug\vc142.pdb
c:\users\nebojsa\desktop\ikp\ikp_projekat\x64\debug\replica.pdb
c:\users\nebojsa\desktop\ikp\ikp_projekat\x64\debug\replica.exe
c:\users\nebojsa\desktop\ikp\ikp_projekat\x64\debug\replica.ilk
c:\users\nebojsa\desktop\ikp\ikp_projekat\replica\x64\debug\replica.tlog\cl.command.1.tlog
c:\users\nebojsa\desktop\ikp\ikp_projekat\replica\x64\debug\replica.tlog\cl.read.1.tlog
c:\users\nebojsa\desktop\ikp\ikp_projekat\replica\x64\debug\replica.tlog\cl.write.1.tlog
c:\users\nebojsa\desktop\ikp\ikp_projekat\replica\x64\debug\replica.tlog\link.command.1.tlog
c:\users\nebojsa\desktop\ikp\ikp_projekat\replica\x64\debug\replica.tlog\link.read.1.tlog
c:\users\nebojsa\desktop\ikp\ikp_projekat\replica\x64\debug\replica.tlog\link.write.1.tlog
